<?xml version="1.0" encoding="UTF-8" ?>
<testsuite tests="8" failures="0" name="com.space.controller.GetCountTest" time="0.128" errors="0" skipped="0">
  <properties>
    <property name="idea.version" value="2020.3.1"/>
    <property name="java.runtime.name" value="OpenJDK Runtime Environment"/>
    <property name="sun.boot.library.path" value="C:\Users\tomeg\.jdks\corretto-1.8.0_275\jre\bin"/>
    <property name="java.vm.version" value="25.275-b01"/>
    <property name="java.vm.vendor" value="Amazon.com Inc."/>
    <property name="maven.multiModuleProjectDirectory" value="C:\Users\tomeg\Desktop\template\space"/>
    <property name="java.vendor.url" value="https://aws.amazon.com/corretto/"/>
    <property name="path.separator" value=";"/>
    <property name="guice.disable.misplaced.annotation.check" value="true"/>
    <property name="java.vm.name" value="OpenJDK 64-Bit Server VM"/>
    <property name="file.encoding.pkg" value="sun.io"/>
    <property name="user.script" value=""/>
    <property name="user.country" value="RU"/>
    <property name="sun.java.launcher" value="SUN_STANDARD"/>
    <property name="sun.os.patch.level" value=""/>
    <property name="java.vm.specification.name" value="Java Virtual Machine Specification"/>
    <property name="user.dir" value="C:\Users\tomeg\Desktop\template\space"/>
    <property name="java.runtime.version" value="1.8.0_275-b01"/>
    <property name="java.awt.graphicsenv" value="sun.awt.Win32GraphicsEnvironment"/>
    <property name="java.endorsed.dirs" value="C:\Users\tomeg\.jdks\corretto-1.8.0_275\jre\lib\endorsed"/>
    <property name="os.arch" value="amd64"/>
    <property name="java.io.tmpdir" value="C:\Users\tomeg\AppData\Local\Temp\"/>
    <property name="line.separator" value="
"/>
    <property name="java.vm.specification.vendor" value="Oracle Corporation"/>
    <property name="user.variant" value=""/>
    <property name="os.name" value="Windows 10"/>
    <property name="maven.ext.class.path" value="C:\Users\tomeg\IntelliJ IDEA 2020.3.1\plugins\maven\lib\maven-event-listener.jar"/>
    <property name="classworlds.conf" value="C:\Users\tomeg\IntelliJ IDEA 2020.3.1\plugins\maven\lib\maven3\bin\m2.conf"/>
    <property name="sun.jnu.encoding" value="Cp1251"/>
    <property name="java.library.path" value="C:\Users\tomeg\.jdks\corretto-1.8.0_275\bin;C:\WINDOWS\Sun\Java\bin;C:\WINDOWS\system32;C:\WINDOWS;C:\Windows\system32;C:\Windows;C:\Windows\System32\Wbem;C:\Windows\System32\WindowsPowerShell\v1.0\;C:\Program Files (x86)\NVIDIA Corporation\PhysX\Common;C:\WINDOWS\system32;C:\WINDOWS;C:\WINDOWS\System32\Wbem;C:\WINDOWS\System32\WindowsPowerShell\v1.0\;C:\WINDOWS\System32\OpenSSH\;C:\Program Files (x86)\Common Files\Acronis\SnapAPI\;C:\Program Files\NVIDIA Corporation\NVIDIA NvDLISR;C:\WINDOWS\system32;C:\WINDOWS;C:\WINDOWS\System32\Wbem;C:\WINDOWS\System32\WindowsPowerShell\v1.0\;C:\WINDOWS\System32\OpenSSH\;C:\Program Files\MySQL\MySQL Utilities 1.6\;C:\Users\tomeg\AppData\Local\Microsoft\WindowsApps;;D:\IntelliJ IDEA Community Edition 2020.2.1\bin;;C:\Program Files\JetBrains\IntelliJ IDEA 2020.3.1\bin;;."/>
    <property name="maven.conf" value="C:\Users\tomeg\IntelliJ IDEA 2020.3.1\plugins\maven\lib\maven3/conf"/>
    <property name="java.specification.name" value="Java Platform API Specification"/>
    <property name="java.class.version" value="52.0"/>
    <property name="sun.management.compiler" value="HotSpot 64-Bit Tiered Compilers"/>
    <property name="os.version" value="10.0"/>
    <property name="user.home" value="C:\Users\tomeg"/>
    <property name="user.timezone" value="Europe/Moscow"/>
    <property name="java.awt.printerjob" value="sun.awt.windows.WPrinterJob"/>
    <property name="java.specification.version" value="1.8"/>
    <property name="file.encoding" value="UTF-8"/>
    <property name="user.name" value="tomeg"/>
    <property name="java.class.path" value="C:\Users\tomeg\IntelliJ IDEA 2020.3.1\plugins\maven\lib\maven3\boot\plexus-classworlds-2.6.0.jar;C:\Users\tomeg\IntelliJ IDEA 2020.3.1\plugins\maven\lib\maven3\boot\plexus-classworlds.license;C:\Users\tomeg\IntelliJ IDEA 2020.3.1\lib\idea_rt.jar"/>
    <property name="java.vm.specification.version" value="1.8"/>
    <property name="sun.arch.data.model" value="64"/>
    <property name="java.home" value="C:\Users\tomeg\.jdks\corretto-1.8.0_275\jre"/>
    <property name="sun.java.command" value="org.codehaus.classworlds.Launcher -Didea.version=2020.3.1 deploy"/>
    <property name="java.specification.vendor" value="Oracle Corporation"/>
    <property name="user.language" value="ru"/>
    <property name="awt.toolkit" value="sun.awt.windows.WToolkit"/>
    <property name="java.vm.info" value="mixed mode"/>
    <property name="java.version" value="1.8.0_275"/>
    <property name="java.ext.dirs" value="C:\Users\tomeg\.jdks\corretto-1.8.0_275\jre\lib\ext;C:\WINDOWS\Sun\Java\lib\ext"/>
    <property name="sun.boot.class.path" value="C:\Users\tomeg\.jdks\corretto-1.8.0_275\jre\lib\resources.jar;C:\Users\tomeg\.jdks\corretto-1.8.0_275\jre\lib\rt.jar;C:\Users\tomeg\.jdks\corretto-1.8.0_275\jre\lib\sunrsasign.jar;C:\Users\tomeg\.jdks\corretto-1.8.0_275\jre\lib\jsse.jar;C:\Users\tomeg\.jdks\corretto-1.8.0_275\jre\lib\jce.jar;C:\Users\tomeg\.jdks\corretto-1.8.0_275\jre\lib\charsets.jar;C:\Users\tomeg\.jdks\corretto-1.8.0_275\jre\lib\jfr.jar;C:\Users\tomeg\.jdks\corretto-1.8.0_275\jre\classes"/>
    <property name="java.vendor" value="Amazon.com Inc."/>
    <property name="maven.home" value="C:\Users\tomeg\IntelliJ IDEA 2020.3.1\plugins\maven\lib\maven3"/>
    <property name="file.separator" value="\"/>
    <property name="java.vendor.url.bug" value="https://github.com/corretto/corretto-8/issues/"/>
    <property name="sun.cpu.endian" value="little"/>
    <property name="sun.io.unicode.encoding" value="UnicodeLittle"/>
    <property name="sun.desktop" value="windows"/>
    <property name="sun.cpu.isalist" value="amd64"/>
  </properties>
  <testcase classname="com.space.controller.GetCountTest" name="getCountWithFiltersPlanet" time="0.02"/>
  <testcase classname="com.space.controller.GetCountTest" name="getCountWithFiltersShipTypeMaxCrewSize" time="0.015"/>
  <testcase classname="com.space.controller.GetCountTest" name="getCountWithFiltersNameAfterMaxRating" time="0.017"/>
  <testcase classname="com.space.controller.GetCountTest" name="getCountWithFiltersMinRatingMinCrewSizeMinSpeed" time="0.029"/>
  <testcase classname="com.space.controller.GetCountTest" name="getCountWithFiltersShipTypeBeforeMaxSpeed" time="0.01"/>
  <testcase classname="com.space.controller.GetCountTest" name="getCountWithFiltersIsUsedMinMaxSpeed" time="0.009"/>
  <testcase classname="com.space.controller.GetCountTest" name="getCountWithFiltersShipTypeIsUsed" time="0.022"/>
  <testcase classname="com.space.controller.GetCountTest" name="getCountWithoutFiltersReturnAllShips" time="0.006"/>
</testsuite>